#
# There is insufficient memory for the Java Runtime Environment to continue.
# Native memory allocation (malloc) failed to allocate 420480 bytes for Chunk::new
# Possible reasons:
#   The system is out of physical RAM or swap space
#   The process is running with CompressedOops enabled, and the Java Heap may be blocking the growth of the native heap
# Possible solutions:
#   Reduce memory load on the system
#   Increase physical memory or swap space
#   Check if swap backing store is full
#   Decrease Java heap size (-Xmx/-Xms)
#   Decrease number of Java threads
#   Decrease Java thread stack sizes (-Xss)
#   Set larger code cache with -XX:ReservedCodeCacheSize=
#   JVM is running with Unscaled Compressed Oops mode in which the Java heap is
#     placed in the first 4GB address space. The Java Heap base address is the
#     maximum limit for the native heap growth. Please use -XX:HeapBaseMinAddress
#     to set the Java Heap base and to place the Java Heap above 4GB virtual address.
# This output file may be truncated or incomplete.
#
#  Out of Memory Error (arena.cpp:189), pid=5988, tid=6668
#
# JRE version: Java(TM) SE Runtime Environment (17.0.2+8) (build 17.0.2+8-LTS-86)
# Java VM: Java HotSpot(TM) 64-Bit Server VM (17.0.2+8-LTS-86, mixed mode, sharing, tiered, compressed oops, compressed class ptrs, g1 gc, windows-amd64)
# No core dump will be written. Minidumps are not enabled by default on client versions of Windows
#

---------------  S U M M A R Y ------------

Command Line: -javaagent:E:\App\intellij\IntelliJ IDEA Community Edition 2021.3.3\lib\idea_rt.jar=8163:E:\App\intellij\IntelliJ IDEA Community Edition 2021.3.3\bin -Dfile.encoding=UTF-8 com.project.GesExpo.GesExpoApplication

Host: Intel(R) Core(TM) i7 CPU       M 620  @ 2.67GHz, 4 cores, 7G,  Windows 10 , 64 bit Build 18362 (10.0.18362.2274)
Time: Tue Jun  7 00:34:28 2022 Greenwich elapsed time: 31.736098 seconds (0d 0h 0m 31s)

---------------  T H R E A D  ---------------

Current thread (0x000002525640a940):  JavaThread "C2 CompilerThread1" daemon [_thread_in_native, id=6668, stack(0x0000005fe5d00000,0x0000005fe5e00000)]


Current CompileTask:
C2:  31736 5345   !   4       java.util.concurrent.ConcurrentHashMap::putVal (432 bytes)

Stack: [0x0000005fe5d00000,0x0000005fe5e00000]
Native frames: (J=compiled Java code, j=interpreted, Vv=VM code, C=native code)
V  [jvm.dll+0x670baa]
V  [jvm.dll+0x7cfcb4]
V  [jvm.dll+0x7d145e]
V  [jvm.dll+0x7d1ac3]
V  [jvm.dll+0x242bc5]
V  [jvm.dll+0xaa57b]
V  [jvm.dll+0xaab0c]
V  [jvm.dll+0x35fd07]
V  [jvm.dll+0x32a331]
V  [jvm.dll+0x3297da]
V  [jvm.dll+0x215c91]
V  [jvm.dll+0x2150b1]
V  [jvm.dll+0x1a1bbd]
V  [jvm.dll+0x224908]
V  [jvm.dll+0x222a6c]
V  [jvm.dll+0x7859bb]
V  [jvm.dll+0x77ff7a]
V  [jvm.dll+0x66fa35]
C  [ucrtbase.dll+0x210b2]
C  [KERNEL32.DLL+0x17c24]
C  [ntdll.dll+0x6d721]


---------------  P R O C E S S  ---------------

Threads class SMR info:
_java_thread_list=0x000002525ac1edc0, length=33, elements={
0x0000025255235200, 0x0000025255236420, 0x0000025255241850, 0x0000025255243020,
0x0000025255245e90, 0x0000025255248460, 0x0000025255251250, 0x00000252552520a0,
0x0000025255267900, 0x000002525521ef50, 0x0000025256128390, 0x0000025256128860,
0x0000025258c8a420, 0x00000252571ed020, 0x00000252571ed4f0, 0x00000252588a87c0,
0x000002525a1c4380, 0x000002525692eb00, 0x0000025255fd99f0, 0x00000252567ef650,
0x000002525a491850, 0x000002525a584430, 0x0000025256e940f0, 0x0000025257240010,
0x00000252561c7100, 0x000002525a7d7360, 0x000002525a7d6020, 0x000002525a7d6e90,
0x000002525a7d7830, 0x00000252565416c0, 0x0000025256541b90, 0x0000025256542060,
0x000002525640a940
}

Java Threads: ( => current thread )
  0x0000025255235200 JavaThread "Reference Handler" daemon [_thread_blocked, id=8664, stack(0x0000005fe4a00000,0x0000005fe4b00000)]
  0x0000025255236420 JavaThread "Finalizer" daemon [_thread_blocked, id=9884, stack(0x0000005fe4b00000,0x0000005fe4c00000)]
  0x0000025255241850 JavaThread "Signal Dispatcher" daemon [_thread_blocked, id=10628, stack(0x0000005fe4c00000,0x0000005fe4d00000)]
  0x0000025255243020 JavaThread "Attach Listener" daemon [_thread_blocked, id=8124, stack(0x0000005fe4d00000,0x0000005fe4e00000)]
  0x0000025255245e90 JavaThread "Service Thread" daemon [_thread_blocked, id=3368, stack(0x0000005fe4e00000,0x0000005fe4f00000)]
  0x0000025255248460 JavaThread "Monitor Deflation Thread" daemon [_thread_blocked, id=8908, stack(0x0000005fe4f00000,0x0000005fe5000000)]
  0x0000025255251250 JavaThread "C2 CompilerThread0" daemon [_thread_in_native, id=2200, stack(0x0000005fe5000000,0x0000005fe5100000)]
  0x00000252552520a0 JavaThread "C1 CompilerThread0" daemon [_thread_blocked, id=9432, stack(0x0000005fe5100000,0x0000005fe5200000)]
  0x0000025255267900 JavaThread "Sweeper thread" daemon [_thread_blocked, id=7588, stack(0x0000005fe5200000,0x0000005fe5300000)]
  0x000002525521ef50 JavaThread "Common-Cleaner" daemon [_thread_blocked, id=10828, stack(0x0000005fe5300000,0x0000005fe5400000)]
  0x0000025256128390 JavaThread "Monitor Ctrl-Break" daemon [_thread_in_native, id=4848, stack(0x0000005fe5400000,0x0000005fe5500000)]
  0x0000025256128860 JavaThread "Notification Thread" daemon [_thread_blocked, id=4208, stack(0x0000005fe5500000,0x0000005fe5600000)]
  0x0000025258c8a420 JavaThread "Catalina-utility-1" [_thread_blocked, id=7312, stack(0x0000005fe5f00000,0x0000005fe6000000)]
  0x00000252571ed020 JavaThread "Catalina-utility-2" [_thread_blocked, id=3560, stack(0x0000005fe6000000,0x0000005fe6100000)]
  0x00000252571ed4f0 JavaThread "container-0" [_thread_blocked, id=7284, stack(0x0000005fe6100000,0x0000005fe6200000)]
  0x00000252588a87c0 JavaThread "mysql-cj-abandoned-connection-cleanup" daemon [_thread_blocked, id=6440, stack(0x0000005fe6200000,0x0000005fe6300000)]
  0x000002525a1c4380 JavaThread "HikariPool-1 housekeeper" daemon [_thread_blocked, id=5408, stack(0x0000005fe6300000,0x0000005fe6400000)]
  0x000002525692eb00 JavaThread "File Watcher" daemon [_thread_blocked, id=3076, stack(0x0000005fe6400000,0x0000005fe6500000)]
  0x0000025255fd99f0 JavaThread "Live Reload Server" daemon [_thread_in_native, id=3336, stack(0x0000005fe6600000,0x0000005fe6700000)]
  0x00000252567ef650 JavaThread "http-nio-8080-exec-1" daemon [_thread_in_vm, id=6896, stack(0x0000005fe6700000,0x0000005fe6800000)]
  0x000002525a491850 JavaThread "http-nio-8080-exec-2" daemon [_thread_blocked, id=764, stack(0x0000005fe6800000,0x0000005fe6900000)]
  0x000002525a584430 JavaThread "http-nio-8080-exec-3" daemon [_thread_blocked, id=10756, stack(0x0000005fe6900000,0x0000005fe6a00000)]
  0x0000025256e940f0 JavaThread "http-nio-8080-exec-4" daemon [_thread_blocked, id=8604, stack(0x0000005fe6a00000,0x0000005fe6b00000)]
  0x0000025257240010 JavaThread "http-nio-8080-exec-5" daemon [_thread_blocked, id=7560, stack(0x0000005fe6b00000,0x0000005fe6c00000)]
  0x00000252561c7100 JavaThread "http-nio-8080-exec-6" daemon [_thread_blocked, id=5756, stack(0x0000005fe6c00000,0x0000005fe6d00000)]
  0x000002525a7d7360 JavaThread "http-nio-8080-exec-7" daemon [_thread_blocked, id=10296, stack(0x0000005fe6d00000,0x0000005fe6e00000)]
  0x000002525a7d6020 JavaThread "http-nio-8080-exec-8" daemon [_thread_blocked, id=10472, stack(0x0000005fe6e00000,0x0000005fe6f00000)]
  0x000002525a7d6e90 JavaThread "http-nio-8080-exec-9" daemon [_thread_blocked, id=10600, stack(0x0000005fe6f00000,0x0000005fe7000000)]
  0x000002525a7d7830 JavaThread "http-nio-8080-exec-10" daemon [_thread_blocked, id=5404, stack(0x0000005fe7000000,0x0000005fe7100000)]
  0x00000252565416c0 JavaThread "http-nio-8080-Poller" daemon [_thread_in_native, id=2396, stack(0x0000005fe7100000,0x0000005fe7200000)]
  0x0000025256541b90 JavaThread "http-nio-8080-Acceptor" daemon [_thread_in_native, id=9420, stack(0x0000005fe7200000,0x0000005fe7300000)]
  0x0000025256542060 JavaThread "DestroyJavaVM" [_thread_blocked, id=2260, stack(0x0000005fe4300000,0x0000005fe4400000)]
=>0x000002525640a940 JavaThread "C2 CompilerThread1" daemon [_thread_in_native, id=6668, stack(0x0000005fe5d00000,0x0000005fe5e00000)]

Other Threads:
  0x000002525522ca40 VMThread "VM Thread" [stack: 0x0000005fe4900000,0x0000005fe4a00000] [id=7744]
  0x00000252560f7bd0 WatcherThread [stack: 0x0000005fe5600000,0x0000005fe5700000] [id=116]
  0x0000025237aeb690 GCTaskThread "GC Thread#0" [stack: 0x0000005fe4400000,0x0000005fe4500000] [id=9472]
  0x000002525652de90 GCTaskThread "GC Thread#1" [stack: 0x0000005fe5700000,0x0000005fe5800000] [id=2276]
  0x00000252566fec50 GCTaskThread "GC Thread#2" [stack: 0x0000005fe5800000,0x0000005fe5900000] [id=2052]
  0x00000252566fa430 GCTaskThread "GC Thread#3" [stack: 0x0000005fe5900000,0x0000005fe5a00000] [id=10724]
  0x0000025237afc150 ConcurrentGCThread "G1 Main Marker" [stack: 0x0000005fe4500000,0x0000005fe4600000] [id=1168]
  0x0000025237afd300 ConcurrentGCThread "G1 Conc#0" [stack: 0x0000005fe4600000,0x0000005fe4700000] [id=8336]
  0x00000252550f0090 ConcurrentGCThread "G1 Refine#0" [stack: 0x0000005fe4700000,0x0000005fe4800000] [id=1284]
  0x00000252566f6c40 ConcurrentGCThread "G1 Refine#1" [stack: 0x0000005fe5a00000,0x0000005fe5b00000] [id=9704]
  0x00000252566d8150 ConcurrentGCThread "G1 Refine#2" [stack: 0x0000005fe5b00000,0x0000005fe5c00000] [id=10104]
  0x00000252550f0370 ConcurrentGCThread "G1 Service" [stack: 0x0000005fe4800000,0x0000005fe4900000] [id=8036]

Threads with active compile tasks:
C2 CompilerThread0    32366 5378       4       java.lang.invoke.MethodType::makeImpl (109 bytes)
C2 CompilerThread1    32366 5345   !   4       java.util.concurrent.ConcurrentHashMap::putVal (432 bytes)

VM state: not at safepoint (normal execution)

VM Mutex/Monitor currently owned by a thread: None

Heap address: 0x0000000082400000, size: 2012 MB, Compressed Oops mode: 32-bit

CDS archive(s) mapped at: [0x0000000800000000-0x0000000800bc0000-0x0000000800bc0000), size 12320768, SharedBaseAddress: 0x0000000800000000, ArchiveRelocationMode: 0.
Compressed class space mapped at: 0x0000000800c00000-0x0000000840c00000, reserved size: 1073741824
Narrow klass base: 0x0000000800000000, Narrow klass shift: 0, Narrow klass range: 0x100000000

GC Precious Log:
 CPUs: 4 total, 4 available
 Memory: 8047M
 Large Page Support: Disabled
 NUMA Support: Disabled
 Compressed Oops: Enabled (32-bit)
 Heap Region Size: 1M
 Heap Min Capacity: 8M
 Heap Initial Capacity: 126M
 Heap Max Capacity: 2012M
 Pre-touch: Disabled
 Parallel Workers: 4
 Concurrent Workers: 1
 Concurrent Refinement Workers: 4
 Periodic GC: Disabled

Heap:
 garbage-first heap   total 51200K, used 35946K [0x0000000082400000, 0x0000000100000000)
  region size 1024K, 14 young (14336K), 3 survivors (3072K)
 Metaspace       used 56361K, committed 56704K, reserved 1097728K
  class space    used 7659K, committed 7808K, reserved 1048576K

Heap Regions: E=young(eden), S=young(survivor), O=old, HS=humongous(starts), HC=humongous(continues), CS=collection set, F=free, OA=open archive, CA=closed archive, TAMS=top-at-mark-start (previous, next)
|   0|0x0000000082400000, 0x0000000082500000, 0x0000000082500000|100%|HS|  |TAMS 0x0000000082500000, 0x0000000082400000| Complete 
|   1|0x0000000082500000, 0x0000000082600000, 0x0000000082600000|100%| O|  |TAMS 0x0000000082600000, 0x0000000082500000| Untracked 
|   2|0x0000000082600000, 0x0000000082700000, 0x0000000082700000|100%| O|  |TAMS 0x0000000082700000, 0x0000000082600000| Untracked 
|   3|0x0000000082700000, 0x0000000082800000, 0x0000000082800000|100%| O|  |TAMS 0x0000000082800000, 0x0000000082700000| Untracked 
|   4|0x0000000082800000, 0x0000000082900000, 0x0000000082900000|100%| O|  |TAMS 0x0000000082900000, 0x0000000082800000| Untracked 
|   5|0x0000000082900000, 0x0000000082a00000, 0x0000000082a00000|100%| O|  |TAMS 0x0000000082a00000, 0x0000000082900000| Untracked 
|   6|0x0000000082a00000, 0x0000000082b00000, 0x0000000082b00000|100%| O|  |TAMS 0x0000000082b00000, 0x0000000082a00000| Untracked 
|   7|0x0000000082b00000, 0x0000000082b31200, 0x0000000082c00000| 19%| O|  |TAMS 0x0000000082b31200, 0x0000000082b00000| Untracked 
|   8|0x0000000082c00000, 0x0000000082d00000, 0x0000000082d00000|100%| O|  |TAMS 0x0000000082d00000, 0x0000000082c00000| Untracked 
|   9|0x0000000082d00000, 0x0000000082e00000, 0x0000000082e00000|100%| O|  |TAMS 0x0000000082e00000, 0x0000000082d00000| Untracked 
|  10|0x0000000082e00000, 0x0000000082f00000, 0x0000000082f00000|100%| O|  |TAMS 0x0000000082f00000, 0x0000000082e00000| Untracked 
|  11|0x0000000082f00000, 0x0000000083000000, 0x0000000083000000|100%| O|  |TAMS 0x0000000083000000, 0x0000000082f00000| Untracked 
|  12|0x0000000083000000, 0x0000000083100000, 0x0000000083100000|100%| O|  |TAMS 0x0000000083100000, 0x0000000083000000| Untracked 
|  13|0x0000000083100000, 0x0000000083200000, 0x0000000083200000|100%| O|  |TAMS 0x0000000083200000, 0x0000000083100000| Untracked 
|  14|0x0000000083200000, 0x0000000083300000, 0x0000000083300000|100%| O|  |TAMS 0x0000000083300000, 0x0000000083200000| Untracked 
|  15|0x0000000083300000, 0x0000000083400000, 0x0000000083400000|100%| O|  |TAMS 0x0000000083400000, 0x0000000083300000| Untracked 
|  16|0x0000000083400000, 0x0000000083500000, 0x0000000083500000|100%| O|  |TAMS 0x000000008344a000, 0x0000000083400000| Untracked 
|  17|0x0000000083500000, 0x0000000083600000, 0x0000000083600000|100%| O|  |TAMS 0x0000000083600000, 0x0000000083500000| Untracked 
|  18|0x0000000083600000, 0x0000000083700000, 0x0000000083700000|100%| O|  |TAMS 0x0000000083700000, 0x0000000083600000| Untracked 
|  19|0x0000000083700000, 0x0000000083800000, 0x0000000083800000|100%| O|  |TAMS 0x0000000083800000, 0x0000000083700000| Untracked 
|  20|0x0000000083800000, 0x0000000083900000, 0x0000000083900000|100%| O|  |TAMS 0x0000000083900000, 0x0000000083800000| Untracked 
|  21|0x0000000083900000, 0x0000000083a00000, 0x0000000083a00000|100%| O|  |TAMS 0x0000000083a00000, 0x0000000083900000| Untracked 
|  22|0x0000000083a00000, 0x0000000083b00000, 0x0000000083b00000|100%| O|  |TAMS 0x0000000083b00000, 0x0000000083a00000| Untracked 
|  23|0x0000000083b00000, 0x0000000083c00000, 0x0000000083c00000|100%| O|  |TAMS 0x0000000083c00000, 0x0000000083b00000| Untracked 
|  24|0x0000000083c00000, 0x0000000083c38a00, 0x0000000083d00000| 22%| O|  |TAMS 0x0000000083c00000, 0x0000000083c00000| Untracked 
|  25|0x0000000083d00000, 0x0000000083d00000, 0x0000000083e00000|  0%| F|  |TAMS 0x0000000083d00000, 0x0000000083d00000| Untracked 
|  26|0x0000000083e00000, 0x0000000083e00000, 0x0000000083f00000|  0%| F|  |TAMS 0x0000000083e00000, 0x0000000083e00000| Untracked 
|  27|0x0000000083f00000, 0x0000000083f00000, 0x0000000084000000|  0%| F|  |TAMS 0x0000000083f00000, 0x0000000083f00000| Untracked 
|  28|0x0000000084000000, 0x0000000084000000, 0x0000000084100000|  0%| F|  |TAMS 0x0000000084000000, 0x0000000084000000| Untracked 
|  29|0x0000000084100000, 0x0000000084100000, 0x0000000084200000|  0%| F|  |TAMS 0x0000000084100000, 0x0000000084100000| Untracked 
|  30|0x0000000084200000, 0x0000000084200000, 0x0000000084300000|  0%| F|  |TAMS 0x0000000084200000, 0x0000000084200000| Untracked 
|  31|0x0000000084300000, 0x0000000084300000, 0x0000000084400000|  0%| F|  |TAMS 0x0000000084300000, 0x0000000084300000| Untracked 
|  32|0x0000000084400000, 0x0000000084400000, 0x0000000084500000|  0%| F|  |TAMS 0x0000000084400000, 0x0000000084400000| Untracked 
|  33|0x0000000084500000, 0x00000000845b0e28, 0x0000000084600000| 69%| S|CS|TAMS 0x0000000084500000, 0x0000000084500000| Complete 
|  34|0x0000000084600000, 0x0000000084700000, 0x0000000084700000|100%| S|CS|TAMS 0x0000000084600000, 0x0000000084600000| Complete 
|  35|0x0000000084700000, 0x0000000084800000, 0x0000000084800000|100%| S|CS|TAMS 0x0000000084700000, 0x0000000084700000| Complete 
|  36|0x0000000084800000, 0x0000000084800000, 0x0000000084900000|  0%| F|  |TAMS 0x0000000084800000, 0x0000000084800000| Untracked 
|  37|0x0000000084900000, 0x0000000084900000, 0x0000000084a00000|  0%| F|  |TAMS 0x0000000084900000, 0x0000000084900000| Untracked 
|  38|0x0000000084a00000, 0x0000000084a00000, 0x0000000084b00000|  0%| F|  |TAMS 0x0000000084a00000, 0x0000000084a00000| Untracked 
|  39|0x0000000084b00000, 0x0000000084be6db8, 0x0000000084c00000| 90%| E|  |TAMS 0x0000000084b00000, 0x0000000084b00000| Complete 
|  40|0x0000000084c00000, 0x0000000084d00000, 0x0000000084d00000|100%| E|CS|TAMS 0x0000000084c00000, 0x0000000084c00000| Complete 
|  41|0x0000000084d00000, 0x0000000084e00000, 0x0000000084e00000|100%| E|CS|TAMS 0x0000000084d00000, 0x0000000084d00000| Complete 
|  42|0x0000000084e00000, 0x0000000084f00000, 0x0000000084f00000|100%| E|CS|TAMS 0x0000000084e00000, 0x0000000084e00000| Complete 
|  61|0x0000000086100000, 0x0000000086200000, 0x0000000086200000|100%| E|CS|TAMS 0x0000000086100000, 0x0000000086100000| Complete 
|  62|0x0000000086200000, 0x0000000086300000, 0x0000000086300000|100%| E|CS|TAMS 0x0000000086200000, 0x0000000086200000| Complete 
|  63|0x0000000086300000, 0x0000000086400000, 0x0000000086400000|100%| E|CS|TAMS 0x0000000086300000, 0x0000000086300000| Complete 
|  64|0x0000000086400000, 0x0000000086500000, 0x0000000086500000|100%| E|  |TAMS 0x0000000086400000, 0x0000000086400000| Complete 
|  65|0x0000000086500000, 0x0000000086600000, 0x0000000086600000|100%| E|CS|TAMS 0x0000000086500000, 0x0000000086500000| Complete 
|  66|0x0000000086600000, 0x0000000086700000, 0x0000000086700000|100%| E|CS|TAMS 0x0000000086600000, 0x0000000086600000| Complete 
| 125|0x000000008a100000, 0x000000008a200000, 0x000000008a200000|100%| E|CS|TAMS 0x000000008a100000, 0x000000008a100000| Complete 

Card table byte_map: [0x000002524e6e0000,0x000002524ead0000] _byte_map_base: 0x000002524e2ce000

Marking Bits (Prev, Next): (CMBitMap*) 0x0000025237aebca0, (CMBitMap*) 0x0000025237aebce0
 Prev Bits: [0x000002524eec0000, 0x0000025250e30000)
 Next Bits: [0x0000025250e30000, 0x0000025252da0000)

Polling page: 0x0000025235910000

Metaspace:

Usage:
  Non-class:     47.56 MB used.
      Class:      7.48 MB used.
       Both:     55.04 MB used.

Virtual space:
  Non-class space:       48.00 MB reserved,      47.75 MB (>99%) committed,  6 nodes.
      Class space:        1.00 GB reserved,       7.63 MB ( <1%) committed,  1 nodes.
             Both:        1.05 GB reserved,      55.38 MB (  5%) committed. 

Chunk freelists:
   Non-Class:  224.00 KB
       Class:  384.00 KB
        Both:  608.00 KB

MaxMetaspaceSize: unlimited
CompressedClassSpaceSize: 1.00 GB
Initial GC threshold: 21.00 MB
Current GC threshold: 88.69 MB
CDS: on
MetaspaceReclaimPolicy: balanced
 - commit_granule_bytes: 65536.
 - commit_granule_words: 8192.
 - virtual_space_node_default_size: 1048576.
 - enlarge_chunks_in_place: 1.
 - new_chunks_are_fully_committed: 0.
 - uncommit_free_chunks: 1.
 - use_allocation_guard: 0.
 - handle_deallocations: 1.


Internal statistics:

num_allocs_failed_limit: 9.
num_arena_births: 480.
num_arena_deaths: 0.
num_vsnodes_births: 7.
num_vsnodes_deaths: 0.
num_space_committed: 886.
num_space_uncommitted: 0.
num_chunks_returned_to_freelist: 9.
num_chunks_taken_from_freelist: 2522.
num_chunk_merges: 6.
num_chunk_splits: 1824.
num_chunks_enlarged: 1433.
num_purges: 0.
num_inconsistent_stats: 0.

CodeHeap 'non-profiled nmethods': size=120000Kb used=2789Kb max_used=2792Kb free=117210Kb
 bounds [0x0000025246dc0000, 0x00000252470c0000, 0x000002524e2f0000]
CodeHeap 'profiled nmethods': size=120000Kb used=9124Kb max_used=9951Kb free=110875Kb
 bounds [0x000002523f890000, 0x0000025240250000, 0x0000025246dc0000]
CodeHeap 'non-nmethods': size=5760Kb used=1291Kb max_used=1382Kb free=4468Kb
 bounds [0x000002523f2f0000, 0x000002523f560000, 0x000002523f890000]
 total_blobs=5254 nmethods=4638 adapters=529
 compilation: enabled
              stopped_count=0, restarted_count=0
 full_count=0

Compilation events (20 events):
Event: 31.653 Thread 0x0000025255251250 5344       4       java.io.WinNTFileSystem::resolve (275 bytes)
Event: 31.677 Thread 0x00000252552520a0 5349       3       java.util.regex.Pattern$CharProperty::<init> (10 bytes)
Event: 31.677 Thread 0x00000252552520a0 nmethod 5349 0x000002523fa7bf10 code [0x000002523fa7c0c0, 0x000002523fa7c358]
Event: 31.677 Thread 0x00000252552520a0 5350       3       java.util.regex.Pattern::newCharProperty (39 bytes)
Event: 31.677 Thread 0x0000025255251250 nmethod 5344 0x0000025246e1c910 code [0x0000025246e1cb40, 0x0000025246e1dc10]
Event: 31.677 Thread 0x0000025255251250 5346       4       java.util.Collections::singletonList (9 bytes)
Event: 31.677 Thread 0x00000252552520a0 nmethod 5350 0x000002523ff90b10 code [0x000002523ff90d20, 0x000002523ff91618]
Event: 31.677 Thread 0x00000252552520a0 5351       3       java.util.regex.Pattern::range (294 bytes)
Event: 31.679 Thread 0x0000025255251250 nmethod 5346 0x0000025246e40a10 code [0x0000025246e40b80, 0x0000025246e40c38]
Event: 31.679 Thread 0x0000025255251250 5352       4       java.util.regex.Pattern::has (15 bytes)
Event: 31.679 Thread 0x0000025255251250 nmethod 5352 0x0000025246ed7310 code [0x0000025246ed7480, 0x0000025246ed7518]
Event: 31.679 Thread 0x0000025255251250 5337       4       org.springframework.core.ResolvableType$1::getGenerics (4 bytes)
Event: 31.679 Thread 0x0000025255251250 nmethod 5337 0x0000025246ed7010 code [0x0000025246ed7180, 0x0000025246ed71f8]
Event: 31.680 Thread 0x00000252552520a0 nmethod 5351 0x000002523f9d4210 code [0x000002523f9d4680, 0x000002523f9d6538]
Event: 31.681 Thread 0x00000252552520a0 5353       3       java.util.regex.Pattern$SliceNode::<init> (10 bytes)
Event: 31.681 Thread 0x00000252552520a0 nmethod 5353 0x000002523fa7b910 code [0x000002523fa7bac0, 0x000002523fa7bd58]
Event: 31.694 Thread 0x00000252552520a0 5354       3       org.springframework.core.ResolvableType$DefaultVariableResolver::resolveVariable (9 bytes)
Event: 31.694 Thread 0x00000252552520a0 nmethod 5354 0x000002523f9d3d90 code [0x000002523f9d3f40, 0x000002523f9d40e8]
Event: 31.694 Thread 0x00000252552520a0 5355       3       org.springframework.core.ResolvableType::access$200 (6 bytes)
Event: 31.695 Thread 0x00000252552520a0 nmethod 5355 0x000002523f9d3a10 code [0x000002523f9d3ba0, 0x000002523f9d3cc8]

GC Heap History (20 events):
Event: 11.602 GC heap before
{Heap before GC invocations=5 (full 0):
 garbage-first heap   total 51200K, used 39354K [0x0000000082400000, 0x0000000100000000)
  region size 1024K, 33 young (33792K), 6 survivors (6144K)
 Metaspace       used 25945K, committed 26240K, reserved 1073152K
  class space    used 3410K, committed 3584K, reserved 1048576K
}
Event: 11.617 GC heap after
{Heap after GC invocations=6 (full 0):
 garbage-first heap   total 51200K, used 15303K [0x0000000082400000, 0x0000000100000000)
  region size 1024K, 8 young (8192K), 8 survivors (8192K)
 Metaspace       used 25945K, committed 26240K, reserved 1073152K
  class space    used 3410K, committed 3584K, reserved 1048576K
}
Event: 12.674 GC heap before
{Heap before GC invocations=6 (full 0):
 garbage-first heap   total 51200K, used 33735K [0x0000000082400000, 0x0000000100000000)
  region size 1024K, 27 young (27648K), 8 survivors (8192K)
 Metaspace       used 29603K, committed 29888K, reserved 1081344K
  class space    used 3829K, committed 3968K, reserved 1048576K
}
Event: 12.688 GC heap after
{Heap after GC invocations=7 (full 0):
 garbage-first heap   total 51200K, used 17261K [0x0000000082400000, 0x0000000100000000)
  region size 1024K, 3 young (3072K), 3 survivors (3072K)
 Metaspace       used 29603K, committed 29888K, reserved 1081344K
  class space    used 3829K, committed 3968K, reserved 1048576K
}
Event: 13.889 GC heap before
{Heap before GC invocations=7 (full 0):
 garbage-first heap   total 51200K, used 34669K [0x0000000082400000, 0x0000000100000000)
  region size 1024K, 21 young (21504K), 3 survivors (3072K)
 Metaspace       used 33321K, committed 33600K, reserved 1081344K
  class space    used 4393K, committed 4544K, reserved 1048576K
}
Event: 13.896 GC heap after
{Heap after GC invocations=8 (full 0):
 garbage-first heap   total 51200K, used 18428K [0x0000000082400000, 0x0000000100000000)
  region size 1024K, 2 young (2048K), 2 survivors (2048K)
 Metaspace       used 33321K, committed 33600K, reserved 1081344K
  class space    used 4393K, committed 4544K, reserved 1048576K
}
Event: 14.537 GC heap before
{Heap before GC invocations=8 (full 0):
 garbage-first heap   total 51200K, used 25596K [0x0000000082400000, 0x0000000100000000)
  region size 1024K, 10 young (10240K), 2 survivors (2048K)
 Metaspace       used 35709K, committed 35968K, reserved 1081344K
  class space    used 4805K, committed 4928K, reserved 1048576K
}
Event: 14.543 GC heap after
{Heap after GC invocations=9 (full 0):
 garbage-first heap   total 51200K, used 18820K [0x0000000082400000, 0x0000000100000000)
  region size 1024K, 2 young (2048K), 2 survivors (2048K)
 Metaspace       used 35709K, committed 35968K, reserved 1081344K
  class space    used 4805K, committed 4928K, reserved 1048576K
}
Event: 15.966 GC heap before
{Heap before GC invocations=10 (full 0):
 garbage-first heap   total 51200K, used 37252K [0x0000000082400000, 0x0000000100000000)
  region size 1024K, 21 young (21504K), 2 survivors (2048K)
 Metaspace       used 41211K, committed 41536K, reserved 1089536K
  class space    used 5493K, committed 5632K, reserved 1048576K
}
Event: 15.974 GC heap after
{Heap after GC invocations=11 (full 0):
 garbage-first heap   total 51200K, used 20848K [0x0000000082400000, 0x0000000100000000)
  region size 1024K, 3 young (3072K), 3 survivors (3072K)
 Metaspace       used 41211K, committed 41536K, reserved 1089536K
  class space    used 5493K, committed 5632K, reserved 1048576K
}
Event: 16.842 GC heap before
{Heap before GC invocations=12 (full 0):
 garbage-first heap   total 51200K, used 37232K [0x0000000082400000, 0x0000000100000000)
  region size 1024K, 20 young (20480K), 3 survivors (3072K)
 Metaspace       used 45230K, committed 45632K, reserved 1089536K
  class space    used 6150K, committed 6336K, reserved 1048576K
}
Event: 16.848 GC heap after
{Heap after GC invocations=13 (full 0):
 garbage-first heap   total 51200K, used 21824K [0x0000000082400000, 0x0000000100000000)
  region size 1024K, 1 young (1024K), 1 survivors (1024K)
 Metaspace       used 45230K, committed 45632K, reserved 1089536K
  class space    used 6150K, committed 6336K, reserved 1048576K
}
Event: 20.208 GC heap before
{Heap before GC invocations=13 (full 0):
 garbage-first heap   total 51200K, used 39232K [0x0000000082400000, 0x0000000100000000)
  region size 1024K, 18 young (18432K), 1 survivors (1024K)
 Metaspace       used 49328K, committed 49664K, reserved 1097728K
  class space    used 6672K, committed 6848K, reserved 1048576K
}
Event: 20.218 GC heap after
{Heap after GC invocations=14 (full 0):
 garbage-first heap   total 51200K, used 22953K [0x0000000082400000, 0x0000000100000000)
  region size 1024K, 3 young (3072K), 3 survivors (3072K)
 Metaspace       used 49328K, committed 49664K, reserved 1097728K
  class space    used 6672K, committed 6848K, reserved 1048576K
}
Event: 20.750 GC heap before
{Heap before GC invocations=14 (full 0):
 garbage-first heap   total 51200K, used 38313K [0x0000000082400000, 0x0000000100000000)
  region size 1024K, 18 young (18432K), 3 survivors (3072K)
 Metaspace       used 51066K, committed 51392K, reserved 1097728K
  class space    used 6945K, committed 7104K, reserved 1048576K
}
Event: 20.755 GC heap after
{Heap after GC invocations=15 (full 0):
 garbage-first heap   total 51200K, used 23965K [0x0000000082400000, 0x0000000100000000)
  region size 1024K, 3 young (3072K), 3 survivors (3072K)
 Metaspace       used 51066K, committed 51392K, reserved 1097728K
  class space    used 6945K, committed 7104K, reserved 1048576K
}
Event: 21.371 GC heap before
{Heap before GC invocations=15 (full 0):
 garbage-first heap   total 51200K, used 39325K [0x0000000082400000, 0x0000000100000000)
  region size 1024K, 18 young (18432K), 3 survivors (3072K)
 Metaspace       used 52145K, committed 52544K, reserved 1097728K
  class space    used 7103K, committed 7296K, reserved 1048576K
}
Event: 21.377 GC heap after
{Heap after GC invocations=16 (full 0):
 garbage-first heap   total 51200K, used 25173K [0x0000000082400000, 0x0000000100000000)
  region size 1024K, 3 young (3072K), 3 survivors (3072K)
 Metaspace       used 52145K, committed 52544K, reserved 1097728K
  class space    used 7103K, committed 7296K, reserved 1048576K
}
Event: 21.939 GC heap before
{Heap before GC invocations=16 (full 0):
 garbage-first heap   total 51200K, used 39509K [0x0000000082400000, 0x0000000100000000)
  region size 1024K, 17 young (17408K), 3 survivors (3072K)
 Metaspace       used 53962K, committed 54400K, reserved 1097728K
  class space    used 7349K, committed 7552K, reserved 1048576K
}
Event: 21.949 GC heap after
{Heap after GC invocations=17 (full 0):
 garbage-first heap   total 51200K, used 26730K [0x0000000082400000, 0x0000000100000000)
  region size 1024K, 3 young (3072K), 3 survivors (3072K)
 Metaspace       used 53962K, committed 54400K, reserved 1097728K
  class space    used 7349K, committed 7552K, reserved 1048576K
}

Deoptimization events (20 events):
Event: 22.161 Thread 0x000002525681ee80 Uncommon trap: trap_request=0xffffff45 fr.pc=0x0000025246e2cfbc relative=0x000000000000017c
Event: 22.161 Thread 0x000002525681ee80 Uncommon trap: reason=unstable_if action=reinterpret pc=0x0000025246e2cfbc method=java.util.concurrent.ConcurrentHashMap.addCount(JI)V @ 34 c2
Event: 22.161 Thread 0x000002525681ee80 DEOPT PACKING pc=0x0000025246e2cfbc sp=0x0000005fe5efc900
Event: 22.161 Thread 0x000002525681ee80 DEOPT UNPACKING pc=0x000002523f34239d sp=0x0000005fe5efc840 mode 2
Event: 22.197 Thread 0x000002525681ee80 Uncommon trap: trap_request=0xffffff45 fr.pc=0x0000025246f3eee0 relative=0x0000000000000060
Event: 22.197 Thread 0x000002525681ee80 Uncommon trap: reason=unstable_if action=reinterpret pc=0x0000025246f3eee0 method=org.springframework.util.ConcurrentReferenceHashMap$Segment.clear()V @ 7 c2
Event: 22.197 Thread 0x000002525681ee80 DEOPT PACKING pc=0x0000025246f3eee0 sp=0x0000005fe5efe060
Event: 22.197 Thread 0x000002525681ee80 DEOPT UNPACKING pc=0x000002523f34239d sp=0x0000005fe5efdff0 mode 2
Event: 22.204 Thread 0x000002525681ee80 Uncommon trap: trap_request=0xffffffde fr.pc=0x0000025246dd8b98 relative=0x0000000000000578
Event: 22.204 Thread 0x000002525681ee80 Uncommon trap: reason=class_check action=maybe_recompile pc=0x0000025246dd8b98 method=org.springframework.util.ConcurrentReferenceHashMap$ReferenceManager.pollForPurge()Lorg/springframework/util/ConcurrentReferenceHashMap$Reference; @ 7 c2
Event: 22.204 Thread 0x000002525681ee80 DEOPT PACKING pc=0x0000025246dd8b98 sp=0x0000005fe5efe090
Event: 22.204 Thread 0x000002525681ee80 DEOPT UNPACKING pc=0x000002523f34239d sp=0x0000005fe5efe008 mode 2
Event: 22.204 Thread 0x000002525681ee80 Uncommon trap: trap_request=0xffffffde fr.pc=0x0000025246dd8b98 relative=0x0000000000000578
Event: 22.204 Thread 0x000002525681ee80 Uncommon trap: reason=class_check action=maybe_recompile pc=0x0000025246dd8b98 method=org.springframework.util.ConcurrentReferenceHashMap$ReferenceManager.pollForPurge()Lorg/springframework/util/ConcurrentReferenceHashMap$Reference; @ 7 c2
Event: 22.204 Thread 0x000002525681ee80 DEOPT PACKING pc=0x0000025246dd8b98 sp=0x0000005fe5efe090
Event: 22.204 Thread 0x000002525681ee80 DEOPT UNPACKING pc=0x000002523f34239d sp=0x0000005fe5efe008 mode 2
Event: 22.204 Thread 0x000002525681ee80 Uncommon trap: trap_request=0xffffffde fr.pc=0x0000025246dd8b98 relative=0x0000000000000578
Event: 22.204 Thread 0x000002525681ee80 Uncommon trap: reason=class_check action=maybe_recompile pc=0x0000025246dd8b98 method=org.springframework.util.ConcurrentReferenceHashMap$ReferenceManager.pollForPurge()Lorg/springframework/util/ConcurrentReferenceHashMap$Reference; @ 7 c2
Event: 22.204 Thread 0x000002525681ee80 DEOPT PACKING pc=0x0000025246dd8b98 sp=0x0000005fe5efe090
Event: 22.204 Thread 0x000002525681ee80 DEOPT UNPACKING pc=0x000002523f34239d sp=0x0000005fe5efe008 mode 2

Classes unloaded (0 events):
No events

Classes redefined (0 events):
No events

Internal exceptions (20 events):
Event: 21.194 Thread 0x000002525681ee80 Exception <a 'java/lang/ClassNotFoundException'{0x0000000084a63410}: java/lang/ObjectCustomizer> (0x0000000084a63410) 
thrown [t:\workspace\open\src\hotspot\share\classfile\systemDictionary.cpp, line 256]
Event: 21.195 Thread 0x000002525681ee80 Exception <a 'java/lang/ClassNotFoundException'{0x0000000084a6b130}: org/springframework/web/servlet/config/annotation/WebMvcConfigurationSupportCustomizer> (0x0000000084a6b130) 
thrown [t:\workspace\open\src\hotspot\share\classfile\systemDictionary.cpp, line 256]
Event: 21.197 Thread 0x000002525681ee80 Exception <a 'java/lang/ClassNotFoundException'{0x0000000084a7f218}: org/springframework/web/servlet/config/annotation/DelegatingWebMvcConfigurationCustomizer> (0x0000000084a7f218) 
thrown [t:\workspace\open\src\hotspot\share\classfile\systemDictionary.cpp, line 256]
Event: 21.198 Thread 0x000002525681ee80 Exception <a 'java/lang/ClassNotFoundException'{0x0000000084a88558}: org/springframework/boot/autoconfigure/web/servlet/WebMvcAutoConfiguration$EnableWebMvcConfigurationCustomizer> (0x0000000084a88558) 
thrown [t:\workspace\open\src\hotspot\share\classfile\systemDictionary.cpp, line 256]
Event: 21.199 Thread 0x000002525681ee80 Exception <a 'java/lang/ClassNotFoundException'{0x0000000084a9a870}: org/springframework/context/ResourceLoaderAwareCustomizer> (0x0000000084a9a870) 
thrown [t:\workspace\open\src\hotspot\share\classfile\systemDictionary.cpp, line 256]
Event: 21.200 Thread 0x000002525681ee80 Exception <a 'java/lang/ClassNotFoundException'{0x0000000084a9f738}: org/springframework/beans/factory/AwareCustomizer> (0x0000000084a9f738) 
thrown [t:\workspace\open\src\hotspot\share\classfile\systemDictionary.cpp, line 256]
Event: 21.201 Thread 0x000002525681ee80 Exception <a 'java/lang/ClassNotFoundException'{0x0000000084aa3a30}: org/springframework/context/ApplicationContextAwareCustomizer> (0x0000000084aa3a30) 
thrown [t:\workspace\open\src\hotspot\share\classfile\systemDictionary.cpp, line 256]
Event: 21.202 Thread 0x000002525681ee80 Exception <a 'java/lang/ClassNotFoundException'{0x0000000084aa93e8}: org/springframework/beans/factory/AwareCustomizer> (0x0000000084aa93e8) 
thrown [t:\workspace\open\src\hotspot\share\classfile\systemDictionary.cpp, line 256]
Event: 21.202 Thread 0x000002525681ee80 Exception <a 'java/lang/ClassNotFoundException'{0x0000000084aad6b8}: org/springframework/web/context/ServletContextAwareCustomizer> (0x0000000084aad6b8) 
thrown [t:\workspace\open\src\hotspot\share\classfile\systemDictionary.cpp, line 256]
Event: 21.202 Thread 0x000002525681ee80 Exception <a 'java/lang/ClassNotFoundException'{0x0000000084ab29b8}: org/springframework/beans/factory/AwareCustomizer> (0x0000000084ab29b8) 
thrown [t:\workspace\open\src\hotspot\share\classfile\systemDictionary.cpp, line 256]
Event: 21.489 Thread 0x000002525681ee80 Exception <a 'java/lang/NoSuchMethodError'{0x0000000086444788}: 'void java.lang.invoke.DirectMethodHandle$Holder.invokeVirtual(java.lang.Object, java.lang.Object, int)'> (0x0000000086444788) 
thrown [t:\workspace\open\src\hotspot\share\interpreter\linkResolver.cpp, line 766]
Event: 21.493 Thread 0x000002525681ee80 Exception <a 'java/lang/NoSuchMethodError'{0x000000008645fdf0}: 'void java.lang.invoke.DirectMethodHandle$Holder.invokeVirtual(java.lang.Object, java.lang.Object, long)'> (0x000000008645fdf0) 
thrown [t:\workspace\open\src\hotspot\share\interpreter\linkResolver.cpp, line 766]
Event: 21.741 Thread 0x000002525681ee80 Exception <a 'java/lang/IncompatibleClassChangeError'{0x0000000084c480a8}: Found class java.lang.Object, but interface was expected> (0x0000000084c480a8) 
thrown [t:\workspace\open\src\hotspot\share\interpreter\linkResolver.cpp, line 833]
Event: 21.815 Thread 0x000002525681ee80 Exception <a 'java/lang/NoSuchMethodError'{0x0000000084bcd7e8}: 'int java.lang.invoke.DirectMethodHandle$Holder.invokeStaticInit(java.lang.Object, java.lang.Object, java.lang.Object, java.lang.Object)'> (0x0000000084bcd7e8) 
thrown [t:\workspace\open\src\hotspot\share\interpreter\linkResolver.cpp, line 766]
Event: 21.880 Thread 0x000002525681ee80 Implicit null exception at 0x0000025246f0a63a to 0x0000025246f0a830
Event: 22.084 Thread 0x000002525681ee80 Exception <a 'java/lang/NoSuchMethodError'{0x00000000866b0498}: 'java.lang.Object java.lang.invoke.DirectMethodHandle$Holder.invokeSpecial(java.lang.Object, java.lang.Object, int, java.lang.Object, int, java.lang.Object)'> (0x00000000866b0498) 
thrown [t:\workspace\open\src\hotspot\share\interpreter\linkResolver.cpp, line 766]
Event: 22.085 Thread 0x000002525681ee80 Exception <a 'java/lang/NoSuchMethodError'{0x00000000866b8540}: 'java.lang.Object java.lang.invoke.DirectMethodHandle$Holder.newInvokeSpecial(java.lang.Object, java.lang.Object, int, java.lang.Object, int)'> (0x00000000866b8540) 
thrown [t:\workspace\open\src\hotspot\share\interpreter\linkResolver.cpp, line 766]
Event: 22.085 Thread 0x000002525681ee80 Exception <a 'java/lang/NoSuchMethodError'{0x00000000866bc640}: 'java.lang.Object java.lang.invoke.DirectMethodHandle$Holder.invokeSpecial(java.lang.Object, java.lang.Object, java.lang.Object, int, java.lang.Object, int)'> (0x00000000866bc640) 
thrown [t:\workspace\open\src\hotspot\share\interpreter\linkResolver.cpp, line 766]
Event: 22.087 Thread 0x000002525681ee80 Exception <a 'java/lang/NoSuchMethodError'{0x00000000866c62c8}: 'void java.lang.invoke.DirectMethodHandle$Holder.invokeVirtual(java.lang.Object, java.lang.Object)'> (0x00000000866c62c8) 
thrown [t:\workspace\open\src\hotspot\share\interpreter\linkResolver.cpp, line 766]
Event: 31.645 Thread 0x00000252567ef650 Exception <a 'java/lang/NoSuchMethodError'{0x0000000084efc948}: 'java.lang.Object java.lang.invoke.DirectMethodHandle$Holder.invokeStatic(java.lang.Object, int, int)'> (0x0000000084efc948) 
thrown [t:\workspace\open\src\hotspot\share\interpreter\linkResolver.cpp, line 766]

VM Operations (20 events):
Event: 21.679 Executing VM operation: HandshakeAllThreads
Event: 21.679 Executing VM operation: HandshakeAllThreads done
Event: 21.756 Executing VM operation: HandshakeAllThreads
Event: 21.756 Executing VM operation: HandshakeAllThreads done
Event: 21.939 Executing VM operation: G1CollectForAllocation
Event: 21.949 Executing VM operation: G1CollectForAllocation done
Event: 22.034 Executing VM operation: G1Concurrent
Event: 22.040 Executing VM operation: G1Concurrent done
Event: 22.072 Executing VM operation: G1Concurrent
Event: 22.073 Executing VM operation: G1Concurrent done
Event: 22.204 Executing VM operation: HandshakeAllThreads
Event: 22.204 Executing VM operation: HandshakeAllThreads done
Event: 23.205 Executing VM operation: Cleanup
Event: 23.205 Executing VM operation: Cleanup done
Event: 31.547 Executing VM operation: HandshakeAllThreads
Event: 31.547 Executing VM operation: HandshakeAllThreads done
Event: 31.547 Executing VM operation: Cleanup
Event: 31.547 Executing VM operation: Cleanup done
Event: 31.620 Executing VM operation: HandshakeAllThreads
Event: 31.620 Executing VM operation: HandshakeAllThreads done

Events (20 events):
Event: 31.425 loading class sun/nio/ch/SocketChannelImpl$DefaultOptionsHolder done
Event: 31.427 loading class sun/nio/ch/SelectionKeyImpl
Event: 31.427 loading class java/nio/channels/spi/AbstractSelectionKey
Event: 31.427 loading class java/nio/channels/SelectionKey
Event: 31.427 loading class java/nio/channels/SelectionKey done
Event: 31.427 loading class java/nio/channels/spi/AbstractSelectionKey done
Event: 31.427 loading class sun/nio/ch/SelectionKeyImpl done
Event: 31.428 loading class java/lang/invoke/ConstantBootstraps
Event: 31.428 loading class java/lang/invoke/ConstantBootstraps done
Event: 31.512 loading class sun/nio/cs/ThreadLocalCoders
Event: 31.512 loading class sun/nio/cs/ThreadLocalCoders done
Event: 31.512 loading class sun/nio/cs/ThreadLocalCoders$1
Event: 31.512 loading class sun/nio/cs/ThreadLocalCoders$Cache
Event: 31.512 loading class sun/nio/cs/ThreadLocalCoders$Cache done
Event: 31.512 loading class sun/nio/cs/ThreadLocalCoders$1 done
Event: 31.512 loading class sun/nio/cs/ThreadLocalCoders$2
Event: 31.512 loading class sun/nio/cs/ThreadLocalCoders$2 done
Event: 31.646 loading class java/util/ArrayList$SubList$2
Event: 31.647 Thread 0x000002525640a940 Thread added: 0x000002525640a940
Event: 31.666 loading class java/util/ArrayList$SubList$2 done


Dynamic libraries:
0x00007ff71b480000 - 0x00007ff71b490000 	C:\Program Files\Java\jdk-17.0.2\bin\java.exe
0x00007ffd721a0000 - 0x00007ffd72390000 	C:\Windows\SYSTEM32\ntdll.dll
0x00007ffd714b0000 - 0x00007ffd71562000 	C:\Windows\System32\KERNEL32.DLL
0x00007ffd6f690000 - 0x00007ffd6f935000 	C:\Windows\System32\KERNELBASE.dll
0x00007ffd6f2d0000 - 0x00007ffd6f3ca000 	C:\Windows\System32\ucrtbase.dll
0x00007ffd57c20000 - 0x00007ffd57c38000 	C:\Program Files\Java\jdk-17.0.2\bin\jli.dll
0x00007ffd592b0000 - 0x00007ffd592ca000 	C:\Program Files\Java\jdk-17.0.2\bin\VCRUNTIME140.dll
0x00007ffd70990000 - 0x00007ffd70a35000 	C:\Windows\System32\ADVAPI32.dll
0x00007ffd71d40000 - 0x00007ffd71dde000 	C:\Windows\System32\msvcrt.dll
0x00007ffd70d70000 - 0x00007ffd70e08000 	C:\Windows\System32\sechost.dll
0x00007ffd70310000 - 0x00007ffd7042b000 	C:\Windows\System32\RPCRT4.dll
0x00007ffd71e10000 - 0x00007ffd71fa4000 	C:\Windows\System32\USER32.dll
0x00007ffd6f5d0000 - 0x00007ffd6f5f1000 	C:\Windows\System32\win32u.dll
0x00007ffd670e0000 - 0x00007ffd67364000 	C:\Windows\WinSxS\amd64_microsoft.windows.common-controls_6595b64144ccf1df_6.0.18362.2274_none_9e8067a5e45c3d75\COMCTL32.dll
0x00007ffd70f20000 - 0x00007ffd70f46000 	C:\Windows\System32\GDI32.dll
0x00007ffd710b0000 - 0x00007ffd713e6000 	C:\Windows\System32\combase.dll
0x00007ffd6f130000 - 0x00007ffd6f2c8000 	C:\Windows\System32\gdi32full.dll
0x00007ffd6f600000 - 0x00007ffd6f684000 	C:\Windows\System32\bcryptPrimitives.dll
0x00007ffd6f940000 - 0x00007ffd6f9de000 	C:\Windows\System32\msvcp_win.dll
0x00007ffd67800000 - 0x00007ffd6780a000 	C:\Windows\SYSTEM32\VERSION.dll
0x00007ffd71de0000 - 0x00007ffd71e0e000 	C:\Windows\System32\IMM32.DLL
0x00007ffd62280000 - 0x00007ffd6228c000 	C:\Program Files\Java\jdk-17.0.2\bin\vcruntime140_1.dll
0x00007ffd35cd0000 - 0x00007ffd35d5d000 	C:\Program Files\Java\jdk-17.0.2\bin\msvcp140.dll
0x00007ffd35100000 - 0x00007ffd35cc1000 	C:\Program Files\Java\jdk-17.0.2\bin\server\jvm.dll
0x00007ffd714a0000 - 0x00007ffd714a8000 	C:\Windows\System32\PSAPI.DLL
0x00007ffd564f0000 - 0x00007ffd564f9000 	C:\Windows\SYSTEM32\WSOCK32.dll
0x00007ffd71fb0000 - 0x00007ffd7201f000 	C:\Windows\System32\WS2_32.dll
0x00007ffd6dc00000 - 0x00007ffd6dc24000 	C:\Windows\SYSTEM32\WINMM.dll
0x00007ffd69940000 - 0x00007ffd6996d000 	C:\Windows\SYSTEM32\winmmbase.dll
0x00007ffd701f0000 - 0x00007ffd7023a000 	C:\Windows\System32\cfgmgr32.dll
0x00007ffd6f0f0000 - 0x00007ffd6f101000 	C:\Windows\System32\kernel.appcore.dll
0x00007ffd56440000 - 0x00007ffd5644a000 	C:\Program Files\Java\jdk-17.0.2\bin\jimage.dll
0x00007ffd55ca0000 - 0x00007ffd55e94000 	C:\Windows\SYSTEM32\DBGHELP.DLL
0x00007ffd569d0000 - 0x00007ffd569fa000 	C:\Windows\SYSTEM32\dbgcore.DLL
0x00007ffd6c8c0000 - 0x00007ffd6c8ce000 	C:\Program Files\Java\jdk-17.0.2\bin\instrument.dll
0x00007ffd37920000 - 0x00007ffd37945000 	C:\Program Files\Java\jdk-17.0.2\bin\java.dll
0x00007ffd35020000 - 0x00007ffd350f6000 	C:\Program Files\Java\jdk-17.0.2\bin\jsvml.dll
0x00007ffd71570000 - 0x00007ffd71c57000 	C:\Windows\System32\SHELL32.dll
0x00007ffd70e10000 - 0x00007ffd70eb9000 	C:\Windows\System32\shcore.dll
0x00007ffd6f9e0000 - 0x00007ffd7015c000 	C:\Windows\System32\windows.storage.dll
0x00007ffd6f080000 - 0x00007ffd6f09e000 	C:\Windows\System32\profapi.dll
0x00007ffd6f0a0000 - 0x00007ffd6f0ea000 	C:\Windows\System32\powrprof.dll
0x00007ffd6f050000 - 0x00007ffd6f060000 	C:\Windows\System32\UMPDC.dll
0x00007ffd71c60000 - 0x00007ffd71cb2000 	C:\Windows\System32\shlwapi.dll
0x00007ffd6f110000 - 0x00007ffd6f127000 	C:\Windows\System32\cryptsp.dll
0x00007ffd4fc50000 - 0x00007ffd4fc68000 	C:\Program Files\Java\jdk-17.0.2\bin\zip.dll
0x00007ffd55b80000 - 0x00007ffd55b99000 	C:\Program Files\Java\jdk-17.0.2\bin\net.dll
0x00007ffd64920000 - 0x00007ffd64a19000 	C:\Windows\SYSTEM32\WINHTTP.dll
0x00007ffd6e890000 - 0x00007ffd6e8f7000 	C:\Windows\system32\mswsock.dll
0x00007ffd53db0000 - 0x00007ffd53dc6000 	C:\Program Files\Java\jdk-17.0.2\bin\nio.dll
0x00007ffd6c230000 - 0x00007ffd6c24a000 	E:\App\intellij\IntelliJ IDEA Community Edition 2021.3.3\bin\breakgen64.dll
0x00007ffd51d60000 - 0x00007ffd51d70000 	C:\Program Files\Java\jdk-17.0.2\bin\verify.dll
0x00007ffd6c8d0000 - 0x00007ffd6c8d9000 	C:\Program Files\Java\jdk-17.0.2\bin\management.dll
0x00007ffd6c8b0000 - 0x00007ffd6c8bb000 	C:\Program Files\Java\jdk-17.0.2\bin\management_ext.dll
0x00007ffd6d070000 - 0x00007ffd6d086000 	C:\Windows\system32\napinsp.dll
0x00007ffd623c0000 - 0x00007ffd623da000 	C:\Windows\system32\pnrpnsp.dll
0x00007ffd6a1d0000 - 0x00007ffd6a1e5000 	C:\Windows\system32\wshbth.dll
0x00007ffd6bb60000 - 0x00007ffd6bb7c000 	C:\Windows\system32\NLAapi.dll
0x00007ffd6e5a0000 - 0x00007ffd6e5da000 	C:\Windows\SYSTEM32\IPHLPAPI.DLL
0x00007ffd6e5e0000 - 0x00007ffd6e6aa000 	C:\Windows\SYSTEM32\DNSAPI.dll
0x00007ffd70980000 - 0x00007ffd70988000 	C:\Windows\System32\NSI.dll
0x00007ffd6bfd0000 - 0x00007ffd6bfde000 	C:\Windows\System32\winrnr.dll
0x00007ffd677f0000 - 0x00007ffd677fa000 	C:\Windows\System32\rasadhlp.dll
0x00007ffd64a80000 - 0x00007ffd64af7000 	C:\Windows\System32\fwpuclnt.dll
0x00007ffd70160000 - 0x00007ffd70186000 	C:\Windows\System32\bcrypt.dll
0x00007ffd6e410000 - 0x00007ffd6e443000 	C:\Windows\system32\rsaenh.dll
0x00007ffd6ef40000 - 0x00007ffd6ef65000 	C:\Windows\SYSTEM32\USERENV.dll
0x00007ffd6ea60000 - 0x00007ffd6ea6c000 	C:\Windows\SYSTEM32\CRYPTBASE.dll
0x00007ffd65d50000 - 0x00007ffd65d66000 	C:\Windows\SYSTEM32\dhcpcsvc6.DLL
0x00007ffd67400000 - 0x00007ffd6741c000 	C:\Windows\SYSTEM32\dhcpcsvc.DLL
0x00007ffd513e0000 - 0x00007ffd513ee000 	C:\Program Files\Java\jdk-17.0.2\bin\sunmscapi.dll
0x00007ffd6f3d0000 - 0x00007ffd6f51a000 	C:\Windows\System32\CRYPT32.dll
0x00007ffd6f060000 - 0x00007ffd6f072000 	C:\Windows\System32\MSASN1.dll
0x00007ffd6eb60000 - 0x00007ffd6eb86000 	C:\Windows\SYSTEM32\ncrypt.dll
0x00007ffd6eb20000 - 0x00007ffd6eb5b000 	C:\Windows\SYSTEM32\NTASN1.dll
0x00007ffd4e8a0000 - 0x00007ffd4e8a7000 	C:\Windows\system32\wshunix.dll

dbghelp: loaded successfully - version: 4.0.5 - missing functions: none
symbol engine: initialized successfully - sym options: 0x614 - pdb path: .;C:\Program Files\Java\jdk-17.0.2\bin;C:\Windows\SYSTEM32;C:\Windows\WinSxS\amd64_microsoft.windows.common-controls_6595b64144ccf1df_6.0.18362.2274_none_9e8067a5e45c3d75;C:\Program Files\Java\jdk-17.0.2\bin\server;E:\App\intellij\IntelliJ IDEA Community Edition 2021.3.3\bin

VM Arguments:
jvm_args: -javaagent:E:\App\intellij\IntelliJ IDEA Community Edition 2021.3.3\lib\idea_rt.jar=8163:E:\App\intellij\IntelliJ IDEA Community Edition 2021.3.3\bin -Dfile.encoding=UTF-8 
java_command: com.project.GesExpo.GesExpoApplication
java_class_path (initial): E:\projects\springboot\GesExpo\Backend\target\classes;C:\Users\ivan\.m2\repository\org\springframework\boot\spring-boot-starter-data-jpa\2.7.0\spring-boot-starter-data-jpa-2.7.0.jar;C:\Users\ivan\.m2\repository\org\springframework\boot\spring-boot-starter-aop\2.7.0\spring-boot-starter-aop-2.7.0.jar;C:\Users\ivan\.m2\repository\org\springframework\spring-aop\5.3.20\spring-aop-5.3.20.jar;C:\Users\ivan\.m2\repository\org\aspectj\aspectjweaver\1.9.7\aspectjweaver-1.9.7.jar;C:\Users\ivan\.m2\repository\org\springframework\boot\spring-boot-starter-jdbc\2.7.0\spring-boot-starter-jdbc-2.7.0.jar;C:\Users\ivan\.m2\repository\com\zaxxer\HikariCP\4.0.3\HikariCP-4.0.3.jar;C:\Users\ivan\.m2\repository\org\springframework\spring-jdbc\5.3.20\spring-jdbc-5.3.20.jar;C:\Users\ivan\.m2\repository\jakarta\transaction\jakarta.transaction-api\1.3.3\jakarta.transaction-api-1.3.3.jar;C:\Users\ivan\.m2\repository\jakarta\persistence\jakarta.persistence-api\2.2.3\jakarta.persistence-api-2.2.3.jar;C:\Users\ivan\.m2\repository\org\hibernate\hibernate-core\5.6.9.Final\hibernate-core-5.6.9.Final.jar;C:\Users\ivan\.m2\repository\org\jboss\logging\jboss-logging\3.4.3.Final\jboss-logging-3.4.3.Final.jar;C:\Users\ivan\.m2\repository\net\bytebuddy\byte-buddy\1.12.10\byte-buddy-1.12.10.jar;C:\Users\ivan\.m2\repository\antlr\antlr\2.7.7\antlr-2.7.7.jar;C:\Users\ivan\.m2\repository\org\jboss\jandex\2.4.2.Final\jandex-2.4.2.Final.jar;C:\Users\ivan\.m2\repository\com\fasterxml\classmate\1.5.1\classmate-1.5.1.jar;C:\Users\ivan\.m2\repository\org\hibernate\common\hibernate-commons-annotations\5.1.2.Final\hibernate-commons-annotations-5.1.2.Final.jar;C:\Users\ivan\.m2\repository\org\glassfish\jaxb\jaxb-runtime\2.3.6\jaxb-runtime-2.3.6.jar;C:\Users\ivan\.m2\repository\org\glassfish\jaxb\txw2\2.3.6\txw2-2.3.6.jar;C:\Users\ivan\.m2\repository\com\sun\istack\istack-commons-runtime\3.0.12\istack-commons-runtime-3.0.12.jar;C:\Users\ivan\.m2\repository\com\sun\activation\jakarta.activati
Launcher Type: SUN_STANDARD

[Global flags]
     intx CICompilerCount                          = 3                                         {product} {ergonomic}
     uint ConcGCThreads                            = 1                                         {product} {ergonomic}
     uint G1ConcRefinementThreads                  = 4                                         {product} {ergonomic}
   size_t G1HeapRegionSize                         = 1048576                                   {product} {ergonomic}
    uintx GCDrainStackTargetSize                   = 64                                        {product} {ergonomic}
   size_t InitialHeapSize                          = 132120576                                 {product} {ergonomic}
   size_t MarkStackSize                            = 4194304                                   {product} {ergonomic}
   size_t MaxHeapSize                              = 2109734912                                {product} {ergonomic}
   size_t MaxNewSize                               = 1265631232                                {product} {ergonomic}
   size_t MinHeapDeltaBytes                        = 1048576                                   {product} {ergonomic}
   size_t MinHeapSize                              = 8388608                                   {product} {ergonomic}
    uintx NonNMethodCodeHeapSize                   = 5832780                                {pd product} {ergonomic}
    uintx NonProfiledCodeHeapSize                  = 122912730                              {pd product} {ergonomic}
    uintx ProfiledCodeHeapSize                     = 122912730                              {pd product} {ergonomic}
    uintx ReservedCodeCacheSize                    = 251658240                              {pd product} {ergonomic}
     bool SegmentedCodeCache                       = true                                      {product} {ergonomic}
   size_t SoftMaxHeapSize                          = 2109734912                             {manageable} {ergonomic}
     bool UseCompressedClassPointers               = true                           {product lp64_product} {ergonomic}
     bool UseCompressedOops                        = true                           {product lp64_product} {ergonomic}
     bool UseG1GC                                  = true                                      {product} {ergonomic}
     bool UseLargePagesIndividualAllocation        = false                                  {pd product} {ergonomic}

Logging:
Log output configuration:
 #0: stdout all=warning uptime,level,tags
 #1: stderr all=off uptime,level,tags

Environment Variables:
JAVA_HOME=C:\Program Files\Java\jdk-17.0.2
PATH=C:\Program Files\Common Files\Oracle\Java\javapath;E:\21c\DB\bin;C:\oraclexe\app\oracle\product\11.2.0\server\bin;E:\App\oracle\app\oracle\product\11.2.0\server\bin;C:\ProgramData\Oracle\Java\javapath;C:\Program Files (x86)\Java\jdk1.8.0_66\bin;C:\Windows\system32;C:\Windows;C:\Windows\System32\Wbem;C:\Windows\System32\WindowsPowerShell\v1.0\;C:\Windows\System32\OpenSSH\;C:\Program Files (x86)\Common Files\Acronis\VirtualFile\;C:\Program Files (x86)\Common Files\Acronis\VirtualFile64\;C:\Program Files (x86)\Common Files\Acronis\FileProtector\;C:\Program Files (x86)\Common Files\Acronis\FileProtector64\;C:\Program Files (x86)\Common Files\Acronis\SnapAPI\;C:\xampp\php;C:\ProgramData\ComposerSetup\bin;C:\Program Files\Java\jdk1.8.0_181\bin;C:\Windows\system32\config\systemprofile\.dnx\bin;C:\Program Files\Microsoft DNX\Dnvm\;C:\Program Files (x86)\dotnet\;E:\Git\Git\cmd;E:\Git\Git\mingw64\bin;E:\Git\Git\usr\bin;E:\NodeJS installer\;C:\Program Files\MongoDB\Server\5.0\bin;E:\App\postgresql\bin;E:\App\postgresql\lib;C:\xampp\mysql\bin;C:\wamp64\bin\php\php7.4.9;C:\wamp64\bin\mysql\mysql5.7.31\bin;C:\Program Files\dotnet\;E:\App\bin\mysql\mysql8.0.21\bin;C:\Users\ivan\AppData\Local\Programs\Python\Python310\Scripts\;C:\Users\ivan\AppData\Local\Programs\Python\Python310\;C:\Users\ivan\AppData\Local\Microsoft\WindowsApps;C:\Program Files\JetBrains\PyCharm Community Edition 2019.2.3\bin;;C:\Users\ivan\AppData\Local\Programs\Microsoft VS Code\bin;C:\Users\ivan\AppData\Roaming\Composer\vendor\bin;C:\Users\ivan\.dotnet\tools;C:\src\flutter\bin;C:\Users\ivan\AppData\Local\Android\sdk\platform-tools\adb.exe;C:\Users\ivan\AppData\Roaming\npm;E:\App\heroku\bin;E:\App\intellij\IntelliJ IDEA Community Edition 2021.3.3\bin;
USERNAME=ivan
OS=Windows_NT
PROCESSOR_IDENTIFIER=Intel64 Family 6 Model 37 Stepping 2, GenuineIntel



---------------  S Y S T E M  ---------------

OS:
 Windows 10 , 64 bit Build 18362 (10.0.18362.2274)
OS uptime: 0 days 9:21 hours

CPU: total 4 (initial active 4) (2 cores per cpu, 2 threads per core) family 6 model 37 stepping 2 microcode 0x11, cx8, cmov, fxsr, ht, mmx, sse, sse2, sse3, ssse3, sse4.1, sse4.2, popcnt, tsc, tscinvbit, aes, clmul, clflush

Memory: 4k page, system-wide physical 8047M (1166M free)
TotalPageFile size 9692M (AvailPageFile size 14M)
current process WorkingSet (physical memory assigned to process): 197M, peak: 236M
current process commit charge ("private bytes"): 229M, peak: 268M

vm_info: Java HotSpot(TM) 64-Bit Server VM (17.0.2+8-LTS-86) for windows-amd64 JRE (17.0.2+8-LTS-86), built on Dec  7 2021 21:51:03 by "mach5one" with MS VC++ 16.8 / 16.9 (VS2019)

END.
